<?xml version="1.0" encoding="UTF-8"?>
<testng-results skipped="0" failed="0" ignored="0" total="1" passed="1">
  <reporter-output>
  </reporter-output>
  <suite name="Curso.AutomationII.RunCuckesTest" duration-ms="21310" started-at="2018-01-15T12:33:30Z" finished-at="2018-01-15T12:33:51Z">
    <groups>
      <group name="cucumber">
        <method signature="AbstractTestNGCucumberTests.feature(cucumber.api.testng.CucumberFeatureWrapper)[pri:0, instance:Curso.AutomationII.RunCuckesTest@3f2a3a5]" name="feature" class="cucumber.api.testng.AbstractTestNGCucumberTests"/>
      </group> <!-- cucumber -->
    </groups>
    <test name="Command line test" duration-ms="21310" started-at="2018-01-15T12:33:30Z" finished-at="2018-01-15T12:33:51Z">
      <class name="Curso.AutomationII.RunCuckesTest">
        <test-method status="PASS" signature="setUpClass()[pri:0, instance:Curso.AutomationII.RunCuckesTest@3f2a3a5]" name="setUpClass" is-config="true" duration-ms="546" started-at="2018-01-15T09:33:30Z" finished-at="2018-01-15T09:33:31Z">
          <reporter-output>
          </reporter-output>
        </test-method> <!-- setUpClass -->
        <test-method status="PASS" signature="feature(cucumber.api.testng.CucumberFeatureWrapper)[pri:0, instance:Curso.AutomationII.RunCuckesTest@3f2a3a5]" name="feature" duration-ms="20547" started-at="2018-01-15T09:33:31Z" description="Runs Cucumber Feature" data-provider="features" finished-at="2018-01-15T09:33:51Z">
          <params>
            <param index="0">
              <value>
                <![CDATA[Curso de automation]]>
              </value>
            </param>
          </params>
          <reporter-output>
          </reporter-output>
        </test-method> <!-- feature -->
        <test-method status="PASS" signature="tearDownClass()[pri:0, instance:Curso.AutomationII.RunCuckesTest@3f2a3a5]" name="tearDownClass" is-config="true" duration-ms="74" started-at="2018-01-15T09:33:51Z" finished-at="2018-01-15T09:33:51Z">
          <reporter-output>
          </reporter-output>
        </test-method> <!-- tearDownClass -->
      </class> <!-- Curso.AutomationII.RunCuckesTest -->
    </test> <!-- Command line test -->
  </suite> <!-- Curso.AutomationII.RunCuckesTest -->
</testng-results>
