<?xml version="1.0" encoding="UTF-8"?>
<testng-results skipped="0" failed="0" ignored="0" total="1" passed="1">
  <reporter-output>
  </reporter-output>
  <suite name="Command line suite" duration-ms="18448" started-at="2018-01-15T12:21:24Z" finished-at="2018-01-15T12:21:42Z">
    <groups>
      <group name="cucumber">
        <method signature="AbstractTestNGCucumberTests.feature(cucumber.api.testng.CucumberFeatureWrapper)[pri:0, instance:Curso.AutomationII.RunCuckesTest@35bbe5e8]" name="feature" class="cucumber.api.testng.AbstractTestNGCucumberTests"/>
      </group> <!-- cucumber -->
    </groups>
    <test name="Command line test" duration-ms="18448" started-at="2018-01-15T12:21:24Z" finished-at="2018-01-15T12:21:42Z">
      <class name="Curso.AutomationII.RunCuckesTest">
        <test-method status="PASS" signature="setUpClass()[pri:0, instance:Curso.AutomationII.RunCuckesTest@35bbe5e8]" name="setUpClass" is-config="true" duration-ms="407" started-at="2018-01-15T09:21:24Z" finished-at="2018-01-15T09:21:24Z">
          <reporter-output>
          </reporter-output>
        </test-method> <!-- setUpClass -->
        <test-method status="PASS" signature="feature(cucumber.api.testng.CucumberFeatureWrapper)[pri:0, instance:Curso.AutomationII.RunCuckesTest@35bbe5e8]" name="feature" duration-ms="17827" started-at="2018-01-15T09:21:25Z" description="Runs Cucumber Feature" data-provider="features" finished-at="2018-01-15T09:21:42Z">
          <params>
            <param index="0">
              <value>
                <![CDATA[Curso de automation]]>
              </value>
            </param>
          </params>
          <reporter-output>
          </reporter-output>
        </test-method> <!-- feature -->
        <test-method status="PASS" signature="tearDownClass()[pri:0, instance:Curso.AutomationII.RunCuckesTest@35bbe5e8]" name="tearDownClass" is-config="true" duration-ms="41" started-at="2018-01-15T09:21:42Z" finished-at="2018-01-15T09:21:42Z">
          <reporter-output>
          </reporter-output>
        </test-method> <!-- tearDownClass -->
      </class> <!-- Curso.AutomationII.RunCuckesTest -->
    </test> <!-- Command line test -->
  </suite> <!-- Command line suite -->
</testng-results>
